<?xml version='1.0' encoding='UTF-8'?>
<testsuite hostname="Heno" name="DelaySpec" tests="1" errors="0" failures="0" skipped="0" time="1.643" timestamp="2023-12-14T21:22:55">
          <properties>
      <property name="jline.esc.timeout" value="0"/><property name="java.runtime.name" value="OpenJDK Runtime Environment"/><property name="sun.boot.library.path" value="C:\Users\Hennry\.jdks\temurin-1.8.0_392\jre\bin"/><property name="java.vm.version" value="25.392-b08"/><property name="java.vm.vendor" value="Temurin"/><property name="java.vendor.url" value="https://adoptium.net/"/><property name="path.separator" value=";"/><property name="jna.loaded" value="true"/><property name="java.vm.name" value="OpenJDK 64-Bit Server VM"/><property name="file.encoding.pkg" value="sun.io"/><property name="user.country" value="CN"/><property name="user.script" value=""/><property name="sun.java.launcher" value="SUN_STANDARD"/><property name="sun.os.patch.level" value=""/><property name="jna.nosys" value="true"/><property name="java.vm.specification.name" value="Java Virtual Machine Specification"/><property name="user.dir" value="D:\NJU\Chisel\DTU02139\Lab\chisel-lab-DTY02139\lab3"/><property name="java.runtime.version" value="1.8.0_392-b08"/><property name="java.awt.graphicsenv" value="sun.awt.Win32GraphicsEnvironment"/><property name="idea.managed" value="true"/><property name="java.endorsed.dirs" value="C:\Users\Hennry\.jdks\temurin-1.8.0_392\jre\lib\endorsed"/><property name="os.arch" value="amd64"/><property name="java.io.tmpdir" value="C:\Users\Hennry\AppData\Local\Temp\"/><property name="line.separator" value="
"/><property name="java.vm.specification.vendor" value="Oracle Corporation"/><property name="log4j.ignoreTCL" value="true"/><property name="user.variant" value=""/><property name="os.name" value="Windows 11"/><property name="sbt.log.noformat" value="true"/><property name="sun.jnu.encoding" value="GBK"/><property name="jnidispatch.path" value="C:\Users\Hennry\AppData\Local\Temp\jna--2137006428\jna8845480921166601353.dll"/><property name="java.library.path" value="C:\Users\Hennry\.jdks\temurin-1.8.0_392\bin;C:\WINDOWS\Sun\Java\bin;C:\WINDOWS\system32;C:\WINDOWS;U:\Vmware\bin\;C:\Users\Hennry\AppData\Local\Programs\Python\Python310\Scripts\;C:\Users\Hennry\AppData\Local\Programs\Python\Python310\;C:\Program Files (x86)\Common Files\Oracle\Java\javapath;C:\Windows\system32;C:\Windows;C:\Windows\System32\Wbem;C:\Windows\System32\WindowsPowerShell\v1.0\;C:\Windows\System32\OpenSSH\;C:\Program Files (x86)\NVIDIA Corporation\PhysX\Common;C:\Program Files\Git\cmd;C:\Program Files\dotnet\;C:\Users\Hennry\Dev-Cpp\MinGW64\bin;C:\ProgramData\chocolatey\bin;C:\Program Files\PuTTY\;U:\R-4.2.1\bin;C:\Users\Hennry\AppData\Roaming\nvm;U:\nodejs;C:\WINDOWS\system32;C:\WINDOWS;C:\WINDOWS\System32\Wbem;C:\WINDOWS\System32\WindowsPowerShell\v1.0\;C:\WINDOWS\System32\OpenSSH\;U:\Meld\;U:\Coq\Coq-Platform~8.16~2022.09\bin\;U:\GnuWin32\bin;C:\Program Files\Docker\Docker\resources\bin;U:\MPV\bootstrapper;U:\Graphviz\bin;U:\youtubedl;;C:\Program Files\NVIDIA Corporation\NVIDIA NvDLISR;C:\Program Files (x86)\sbt\bin;C:\Users\Hennry\bin;C:\Program Files\MySQL\MySQL Shell 8.0\bin\;C:\Users\Hennry\AppData\Local\Microsoft\WindowsApps;C:\Users\Hennry\AppData\Local\Programs\Microsoft VS Code\bin;C:\ProgramData\Hennry\GitHubDesktop\bin;C:\Users\Hennry\AppData\Local\GitHubDesktop\bin;C:\Users\Hennry\AppData\Roaming\npm;U:\Quartus\modelsim_ase\win32aloem;C:\Program Files\JetBrains\IntelliJ IDEA Community Edition 2022.3.2\bin;;C:\Program Files\Graphviz\bin;C:\Users\Hennry\AppData\Roaming\nvm;U:\nodejs;U:\Miniconda;U:\Miniconda\Scripts;U:\Miniconda\Library\bin;U:\pulseaudio-1.1\bin;;C:\ghcup\bin;."/><property name="java.specification.name" value="Java Platform API Specification"/><property name="java.class.version" value="52.0"/><property name="sbt.ipcsocket.tmpdir" value="C:\Users\Hennry\AppData\Local\Temp\.sbtc33c3f6d\ipcsocket"/><property name="sun.management.compiler" value="HotSpot 64-Bit Tiered Compilers"/><property name="os.version" value="10.0"/><property name="swoval.tmpdir" value="C:\Users\Hennry\AppData\Local\Temp\.sbtc33c3f6d\swoval"/><property name="user.home" value="C:\Users\Hennry"/><property name="user.timezone" value="Asia/Shanghai"/><property name="java.awt.printerjob" value="sun.awt.windows.WPrinterJob"/><property name="idea.installation.dir" value="C:\Program Files\JetBrains\IntelliJ IDEA Community Edition 2022.3.2"/><property name="file.encoding" value="UTF-8"/><property name="java.specification.version" value="1.8"/><property name="java.class.path" value="C:\Users\Hennry\AppData\Roaming\JetBrains\IdeaIC2022.3\plugins\Scala\launcher\sbt-launch.jar"/><property name="user.name" value="Hennry"/><property name="jline.shutdownhook" value="false"/><property name="java.vm.specification.version" value="1.8"/><property name="sun.java.command" value="C:\Users\Hennry\AppData\Roaming\JetBrains\IdeaIC2022.3\plugins\Scala\launcher\sbt-launch.jar early(addPluginSbtFile=&quot;&quot;&quot;C:\Users\Hennry\AppData\Local\Temp\idea9.sbt&quot;&quot;&quot;) ; set ideaPort in Global := 7144 ; idea-shell"/><property name="java.home" value="C:\Users\Hennry\.jdks\temurin-1.8.0_392\jre"/><property name="sun.arch.data.model" value="64"/><property name="user.language" value="zh"/><property name="java.specification.vendor" value="Oracle Corporation"/><property name="awt.toolkit" value="sun.awt.windows.WToolkit"/><property name="java.vm.info" value="mixed mode"/><property name="java.version" value="1.8.0_392"/><property name="java.ext.dirs" value="C:\Users\Hennry\.jdks\temurin-1.8.0_392\jre\lib\ext;C:\WINDOWS\Sun\Java\lib\ext"/><property name="sun.boot.class.path" value="C:\Users\Hennry\.jdks\temurin-1.8.0_392\jre\lib\resources.jar;C:\Users\Hennry\.jdks\temurin-1.8.0_392\jre\lib\rt.jar;C:\Users\Hennry\.jdks\temurin-1.8.0_392\jre\lib\sunrsasign.jar;C:\Users\Hennry\.jdks\temurin-1.8.0_392\jre\lib\jsse.jar;C:\Users\Hennry\.jdks\temurin-1.8.0_392\jre\lib\jce.jar;C:\Users\Hennry\.jdks\temurin-1.8.0_392\jre\lib\charsets.jar;C:\Users\Hennry\.jdks\temurin-1.8.0_392\jre\lib\jfr.jar;C:\Users\Hennry\.jdks\temurin-1.8.0_392\jre\classes"/><property name="java.vendor" value="Temurin"/><property name="sun.stderr.encoding" value="ms936"/><property name="java.specification.maintenance.version" value="5"/><property name="file.separator" value="\"/><property name="java.vendor.url.bug" value="https://github.com/adoptium/adoptium-support/issues"/><property name="sbt.supershell" value="false"/><property name="sun.io.unicode.encoding" value="UnicodeLittle"/><property name="sun.cpu.endian" value="little"/><property name="sun.stdout.encoding" value="ms936"/><property name="sun.desktop" value="windows"/><property name="sun.cpu.isalist" value="amd64"/>
    </properties>
          <testcase classname="DelaySpec" name="Delay should pass" time="1.643">
                      
                    </testcase>
          <system-out><![CDATA[]]></system-out>
          <system-err><![CDATA[]]></system-err>
        </testsuite>