<?xml version='1.0' encoding='UTF-8'?>
<testsuite hostname="Heno" name="HelloSpec" tests="1" errors="0" failures="0" skipped="0" time="35.777" timestamp="2023-12-11T20:52:50">
          <properties>
      <property name="java.specification.version" value="19"/><property name="sun.cpu.isalist" value="amd64"/><property name="sun.jnu.encoding" value="GBK"/><property name="sun.arch.data.model" value="64"/><property name="sbt.supershell" value="false"/><property name="java.vendor.url" value="https://java.oracle.com/"/><property name="sun.boot.library.path" value="C:\Users\Hennry\.jdks\openjdk-19.0.2\bin"/><property name="sun.java.command" value="C:\Users\Hennry\AppData\Roaming\JetBrains\IdeaIC2022.3\plugins\Scala\launcher\sbt-launch.jar early(addPluginSbtFile=&quot;&quot;&quot;C:\Users\Hennry\AppData\Local\Temp\idea.sbt&quot;&quot;&quot;) ; set ideaPort in Global := 7199 ; idea-shell"/><property name="jdk.debug" value="release"/><property name="sun.stderr.encoding" value="GBK"/><property name="java.specification.vendor" value="Oracle Corporation"/><property name="java.version.date" value="2023-01-17"/><property name="java.home" value="C:\Users\Hennry\.jdks\openjdk-19.0.2"/><property name="file.separator" value="\"/><property name="java.vm.compressedOopsMode" value="32-bit"/><property name="sun.stdout.encoding" value="GBK"/><property name="line.separator" value="
"/><property name="java.vm.specification.vendor" value="Oracle Corporation"/><property name="java.specification.name" value="Java Platform API Specification"/><property name="idea.installation.dir" value="C:\Program Files\JetBrains\IntelliJ IDEA Community Edition 2022.3.2"/><property name="user.script" value=""/><property name="sun.management.compiler" value="HotSpot 64-Bit Tiered Compilers"/><property name="java.runtime.version" value="19.0.2+7-44"/><property name="user.name" value="Hennry"/><property name="log4j.ignoreTCL" value="true"/><property name="file.encoding" value="UTF-8"/><property name="jnidispatch.path" value="C:\Users\Hennry\AppData\Local\Temp\jna--2137006428\jna13535548991501216777.dll"/><property name="jna.loaded" value="true"/><property name="java.io.tmpdir" value="C:\Users\Hennry\AppData\Local\Temp\"/><property name="java.version" value="19.0.2"/><property name="java.vm.specification.name" value="Java Virtual Machine Specification"/><property name="sun.os.patch.level" value=""/><property name="native.encoding" value="GBK"/><property name="java.library.path" value="C:\Users\Hennry\.jdks\openjdk-19.0.2\bin;C:\WINDOWS\Sun\Java\bin;C:\WINDOWS\system32;C:\WINDOWS;U:\Vmware\bin\;C:\Users\Hennry\AppData\Local\Programs\Python\Python310\Scripts\;C:\Users\Hennry\AppData\Local\Programs\Python\Python310\;C:\Program Files (x86)\Common Files\Oracle\Java\javapath;C:\Windows\system32;C:\Windows;C:\Windows\System32\Wbem;C:\Windows\System32\WindowsPowerShell\v1.0\;C:\Windows\System32\OpenSSH\;C:\Program Files (x86)\NVIDIA Corporation\PhysX\Common;C:\Program Files\Git\cmd;C:\Program Files\dotnet\;C:\Users\Hennry\Dev-Cpp\MinGW64\bin;C:\ProgramData\chocolatey\bin;C:\Program Files\PuTTY\;U:\R-4.2.1\bin;C:\Users\Hennry\AppData\Roaming\nvm;U:\nodejs;C:\WINDOWS\system32;C:\WINDOWS;C:\WINDOWS\System32\Wbem;C:\WINDOWS\System32\WindowsPowerShell\v1.0\;C:\WINDOWS\System32\OpenSSH\;U:\Meld\;U:\Coq\Coq-Platform~8.16~2022.09\bin\;U:\GnuWin32\bin;C:\Program Files\Docker\Docker\resources\bin;U:\MPV\bootstrapper;U:\Graphviz\bin;U:\youtubedl;;C:\Program Files\NVIDIA Corporation\NVIDIA NvDLISR;C:\Program Files (x86)\sbt\bin;C:\Users\Hennry\bin;C:\Program Files\MySQL\MySQL Shell 8.0\bin\;C:\Users\Hennry\AppData\Local\Microsoft\WindowsApps;C:\Users\Hennry\AppData\Local\Programs\Microsoft VS Code\bin;C:\ProgramData\Hennry\GitHubDesktop\bin;C:\Users\Hennry\AppData\Local\GitHubDesktop\bin;C:\Users\Hennry\AppData\Roaming\npm;U:\Quartus\modelsim_ase\win32aloem;C:\Program Files\JetBrains\IntelliJ IDEA Community Edition 2022.3.2\bin;;C:\Program Files\Graphviz\bin;C:\Users\Hennry\AppData\Roaming\nvm;U:\nodejs;U:\Miniconda;U:\Miniconda\Scripts;U:\Miniconda\Library\bin;U:\pulseaudio-1.1\bin;;C:\ghcup\bin;."/><property name="stderr.encoding" value="GBK"/><property name="java.vendor" value="Oracle Corporation"/><property name="sun.io.unicode.encoding" value="UnicodeLittle"/><property name="java.class.path" value="C:\Users\Hennry\AppData\Roaming\JetBrains\IdeaIC2022.3\plugins\Scala\launcher\sbt-launch.jar"/><property name="java.vm.vendor" value="Oracle Corporation"/><property name="user.variant" value=""/><property name="jline.shutdownhook" value="false"/><property name="user.timezone" value="Asia/Shanghai"/><property name="java.vm.specification.version" value="19"/><property name="os.name" value="Windows 11"/><property name="sun.java.launcher" value="SUN_STANDARD"/><property name="user.country" value="CN"/><property name="sun.cpu.endian" value="little"/><property name="user.home" value="C:\Users\Hennry"/><property name="user.language" value="zh"/><property name="sbt.ipcsocket.tmpdir" value="C:\Users\Hennry\AppData\Local\Temp\.sbtc33c3f6d\ipcsocket"/><property name="swoval.tmpdir" value="C:\Users\Hennry\AppData\Local\Temp\.sbtc33c3f6d\swoval"/><property name="jline.esc.timeout" value="0"/><property name="stdout.encoding" value="GBK"/><property name="path.separator" value=";"/><property name="os.version" value="10.0"/><property name="jna.nosys" value="true"/><property name="java.runtime.name" value="OpenJDK Runtime Environment"/><property name="sbt.log.noformat" value="true"/><property name="java.vm.name" value="OpenJDK 64-Bit Server VM"/><property name="java.vendor.url.bug" value="https://bugreport.java.com/bugreport/"/><property name="user.dir" value="D:\NJU\Chisel\DTU02139\Lab\chisel-lab-DTY02139\lab1"/><property name="os.arch" value="amd64"/><property name="idea.managed" value="true"/><property name="java.vm.info" value="mixed mode, sharing"/><property name="java.vm.version" value="19.0.2+7-44"/><property name="java.class.version" value="63.0"/>
    </properties>
          <testcase classname="HelloSpec" name="Hello should pass" time="35.777">
                      
                    </testcase>
          <system-out><![CDATA[]]></system-out>
          <system-err><![CDATA[]]></system-err>
        </testsuite>